#
# There is insufficient memory for the Java Runtime Environment to continue.
# Native memory allocation (malloc) failed to allocate 1123376 bytes for Chunk::new
# Possible reasons:
#   The system is out of physical RAM or swap space
#   The process is running with CompressedOops enabled, and the Java Heap may be blocking the growth of the native heap
# Possible solutions:
#   Reduce memory load on the system
#   Increase physical memory or swap space
#   Check if swap backing store is full
#   Decrease Java heap size (-Xmx/-Xms)
#   Decrease number of Java threads
#   Decrease Java thread stack sizes (-Xss)
#   Set larger code cache with -XX:ReservedCodeCacheSize=
#   JVM is running with Unscaled Compressed Oops mode in which the Java heap is
#     placed in the first 4GB address space. The Java Heap base address is the
#     maximum limit for the native heap growth. Please use -XX:HeapBaseMinAddress
#     to set the Java Heap base and to place the Java Heap above 4GB virtual address.
# This output file may be truncated or incomplete.
#
#  Out of Memory Error (./open/src/hotspot/share/memory/arena.cpp:195), pid=5224, tid=35552
#
# JRE version: Java(TM) SE Runtime Environment (15.0+36) (build 15+36-1562)
# Java VM: Java HotSpot(TM) 64-Bit Server VM (15+36-1562, mixed mode, sharing, tiered, compressed oops, g1 gc, windows-amd64)
# No core dump will be written. Minidumps are not enabled by default on client versions of Windows
#

---------------  S U M M A R Y ------------

Command Line: -XX:MaxMetaspaceSize=256m -XX:+HeapDumpOnOutOfMemoryError -agentlib:jdwp=transport=dt_socket,server=n,suspend=y,address=127.0.0.1:54160 --add-opens=java.base/java.util=ALL-UNNAMED --add-opens=java.base/java.lang=ALL-UNNAMED --add-opens=java.base/java.lang.invoke=ALL-UNNAMED --add-opens=java.prefs/java.util.prefs=ALL-UNNAMED -Xms256m -Xmx512m -Dfile.encoding=windows-1250 -Duser.country=PL -Duser.language=pl -Duser.variant org.gradle.launcher.daemon.bootstrap.GradleDaemon 6.3

Host: AMD Ryzen 7 3700U with Radeon Vega Mobile Gfx  , 8 cores, 5G,  Windows 10 , 64 bit Build 19041 (10.0.19041.2364)
Time: Wed Jan 18 21:06:32 2023 Œrodkowoeuropejski czas stand. elapsed time: 17.829562 seconds (0d 0h 0m 17s)

---------------  T H R E A D  ---------------

Current thread (0x000001d343efa4e0):  JavaThread "C2 CompilerThread0" daemon [_thread_in_native, id=35552, stack(0x0000003077d00000,0x0000003077e00000)]


Current CompileTask:
C2:  17829 4342       4       java.io.WinNTFileSystem::normalize (143 bytes)

Stack: [0x0000003077d00000,0x0000003077e00000]
Native frames: (J=compiled Java code, j=interpreted, Vv=VM code, C=native code)
V  [jvm.dll+0x629eaa]
V  [jvm.dll+0x780379]
V  [jvm.dll+0x781ad3]
V  [jvm.dll+0x782133]
V  [jvm.dll+0x2159d5]
V  [jvm.dll+0x9794a]
V  [jvm.dll+0x9802c]
V  [jvm.dll+0x32dbd8]
V  [jvm.dll+0x18db3a]
V  [jvm.dll+0x1e9ef2]
V  [jvm.dll+0x1e903e]
V  [jvm.dll+0x177f17]
V  [jvm.dll+0x1f88f5]
V  [jvm.dll+0x1f699c]
V  [jvm.dll+0x74384d]
V  [jvm.dll+0x73c64a]
V  [jvm.dll+0x628d16]
C  [ucrtbase.dll+0x21bb2]
C  [KERNEL32.DLL+0x17614]
C  [ntdll.dll+0x526a1]


---------------  P R O C E S S  ---------------

Threads class SMR info:
_java_thread_list=0x000001d3473348f0, length=53, elements={
0x000001d328c62600, 0x000001d343ed2e70, 0x000001d343ed40f0, 0x000001d343ef0f60,
0x000001d343ef1920, 0x000001d343ef4a90, 0x000001d343efa4e0, 0x000001d343efb730,
0x000001d343f103e0, 0x000001d34494e3c0, 0x000001d3449680e0, 0x000001d344984e40,
0x000001d344987ef0, 0x000001d3449942f0, 0x000001d3456a4830, 0x000001d3460d2ca0,
0x000001d345c6d830, 0x000001d345c87430, 0x000001d34657c7a0, 0x000001d345c86cd0,
0x000001d3461de1d0, 0x000001d3462cae20, 0x000001d3462ca950, 0x000001d3462c9fb0,
0x000001d3462cbc90, 0x000001d3462ccb00, 0x000001d3462cc160, 0x000001d3462c9610,
0x000001d3462c9ae0, 0x000001d3448fa540, 0x000001d3448f5840, 0x000001d3448f61e0,
0x000001d3448f96d0, 0x000001d3448f5d10, 0x000001d3448f8d30, 0x000001d3448fb880,
0x000001d3448f4030, 0x000001d3448f49d0, 0x000001d3448f9200, 0x000001d3448f4500,
0x000001d3448f4ea0, 0x000001d348ca9640, 0x000001d348ca7490, 0x000001d348ca6fc0,
0x000001d348ca52e0, 0x000001d348ca8ca0, 0x000001d348cac190, 0x000001d348ca7960,
0x000001d348caa980, 0x000001d348ca7e30, 0x000001d348ca8300, 0x000001d348cab7f0,
0x000001d348cabcc0
}

Java Threads: ( => current thread )
  0x000001d328c62600 JavaThread "main" [_thread_blocked, id=11188, stack(0x0000003077100000,0x0000003077200000)]
  0x000001d343ed2e70 JavaThread "Reference Handler" daemon [_thread_blocked, id=32412, stack(0x0000003077800000,0x0000003077900000)]
  0x000001d343ed40f0 JavaThread "Finalizer" daemon [_thread_blocked, id=35420, stack(0x0000003077900000,0x0000003077a00000)]
  0x000001d343ef0f60 JavaThread "Signal Dispatcher" daemon [_thread_blocked, id=22680, stack(0x0000003077a00000,0x0000003077b00000)]
  0x000001d343ef1920 JavaThread "Attach Listener" daemon [_thread_blocked, id=36912, stack(0x0000003077b00000,0x0000003077c00000)]
  0x000001d343ef4a90 JavaThread "Service Thread" daemon [_thread_blocked, id=41668, stack(0x0000003077c00000,0x0000003077d00000)]
=>0x000001d343efa4e0 JavaThread "C2 CompilerThread0" daemon [_thread_in_native, id=35552, stack(0x0000003077d00000,0x0000003077e00000)]
  0x000001d343efb730 JavaThread "C1 CompilerThread0" daemon [_thread_blocked, id=3044, stack(0x0000003077e00000,0x0000003077f00000)]
  0x000001d343f103e0 JavaThread "Sweeper thread" daemon [_thread_blocked, id=40088, stack(0x0000003077f00000,0x0000003078000000)]
  0x000001d34494e3c0 JavaThread "Common-Cleaner" daemon [_thread_blocked, id=18624, stack(0x0000003078000000,0x0000003078100000)]
  0x000001d3449680e0 JavaThread "JDWP Transport Listener: dt_socket" daemon [_thread_blocked, id=7260, stack(0x0000003078100000,0x0000003078200000)]
  0x000001d344984e40 JavaThread "JDWP Event Helper Thread" daemon [_thread_blocked, id=27560, stack(0x0000003078200000,0x0000003078300000)]
  0x000001d344987ef0 JavaThread "JDWP Command Reader" daemon [_thread_in_native, id=34600, stack(0x0000003078300000,0x0000003078400000)]
  0x000001d3449942f0 JavaThread "Notification Thread" daemon [_thread_blocked, id=30432, stack(0x0000003078400000,0x0000003078500000)]
  0x000001d3456a4830 JavaThread "Daemon health stats" [_thread_blocked, id=40616, stack(0x0000003078d00000,0x0000003078e00000)]
  0x000001d3460d2ca0 JavaThread "Incoming local TCP Connector on port 54178" [_thread_in_native, id=27100, stack(0x0000003078600000,0x0000003078700000)]
  0x000001d345c6d830 JavaThread "Daemon periodic checks" [_thread_blocked, id=20520, stack(0x0000003078e00000,0x0000003078f00000)]
  0x000001d345c87430 JavaThread "Daemon" [_thread_blocked, id=34628, stack(0x0000003078f00000,0x0000003079000000)]
  0x000001d34657c7a0 JavaThread "Handler for socket connection from /127.0.0.1:54178 to /127.0.0.1:54185" [_thread_in_native, id=22884, stack(0x0000003079000000,0x0000003079100000)]
  0x000001d345c86cd0 JavaThread "Cancel handler" [_thread_blocked, id=5144, stack(0x0000003079100000,0x0000003079200000)]
  0x000001d3461de1d0 JavaThread "Daemon worker" [_thread_blocked, id=11052, stack(0x0000003079200000,0x0000003079300000)]
  0x000001d3462cae20 JavaThread "Asynchronous log dispatcher for DefaultDaemonConnection: socket connection from /127.0.0.1:54178 to /127.0.0.1:54185" [_thread_blocked, id=17392, stack(0x0000003079300000,0x0000003079400000)]
  0x000001d3462ca950 JavaThread "Stdin handler" [_thread_blocked, id=39480, stack(0x0000003079400000,0x0000003079500000)]
  0x000001d3462c9fb0 JavaThread "Thread-8" [_thread_blocked, id=39680, stack(0x0000003079500000,0x0000003079600000)]
  0x000001d3462cbc90 JavaThread "Cache worker for journal cache (C:\Users\euro\.gradle\caches\journal-1)" [_thread_blocked, id=33964, stack(0x0000003079600000,0x0000003079700000)]
  0x000001d3462ccb00 JavaThread "File lock request listener" [_thread_in_native, id=20416, stack(0x0000003079700000,0x0000003079800000)]
  0x000001d3462cc160 JavaThread "File lock release action executor" [_thread_blocked, id=9260, stack(0x0000003079800000,0x0000003079900000)]
  0x000001d3462c9610 JavaThread "Cache worker for file hash cache (C:\Users\euro\.gradle\caches\6.3\fileHashes)" [_thread_in_native, id=8704, stack(0x0000003079900000,0x0000003079a00000)]
  0x000001d3462c9ae0 JavaThread "Cache worker for checksums cache (C:\Users\euro\Desktop\Java projects\SeleniumTest\.gradle\checksums)" [_thread_blocked, id=11524, stack(0x0000003079a00000,0x0000003079b00000)]
  0x000001d3448fa540 JavaThread "Cache worker for file hash cache (C:\Users\euro\Desktop\Java projects\SeleniumTest\.gradle\6.3\fileHashes)" [_thread_blocked, id=41312, stack(0x0000003079b00000,0x0000003079c00000)]
  0x000001d3448f5840 JavaThread "Cache worker for cache directory md-supplier (C:\Users\euro\.gradle\caches\6.3\md-supplier)" [_thread_blocked, id=5628, stack(0x0000003079c00000,0x0000003079d00000)]
  0x000001d3448f61e0 JavaThread "Cache worker for cache directory md-rule (C:\Users\euro\.gradle\caches\6.3\md-rule)" [_thread_blocked, id=7608, stack(0x0000003079d00000,0x0000003079e00000)]
  0x000001d3448f96d0 JavaThread "Cache worker for execution history cache (C:\Users\euro\.gradle\caches\6.3\executionHistory)" [_thread_blocked, id=23196, stack(0x0000003079e00000,0x0000003079f00000)]
  0x000001d3448f5d10 JavaThread "Cache worker for Build Output Cleanup Cache (C:\Users\euro\Desktop\Java projects\SeleniumTest\.gradle\buildOutputCleanup)" [_thread_blocked, id=32500, stack(0x000000307a200000,0x000000307a300000)]
  0x000001d3448f8d30 JavaThread "Memory manager" [_thread_blocked, id=34308, stack(0x000000307a300000,0x000000307a400000)]
  0x000001d3448fb880 JavaThread "Cache worker for file content cache (C:\Users\euro\.gradle\caches\6.3\fileContent)" [_thread_blocked, id=20556, stack(0x000000307a400000,0x000000307a500000)]
  0x000001d3448f4030 JavaThread "Cache worker for file content cache (C:\Users\euro\Desktop\Java projects\SeleniumTest\.gradle\6.3\fileContent)" [_thread_blocked, id=40792, stack(0x000000307a500000,0x000000307a600000)]
  0x000001d3448f49d0 JavaThread "Execution worker for ':'" [_thread_blocked, id=40400, stack(0x000000307a600000,0x000000307a700000)]
  0x000001d3448f9200 JavaThread "Execution worker for ':' Thread 2" [_thread_blocked, id=12916, stack(0x000000307a700000,0x000000307a800000)]
  0x000001d3448f4500 JavaThread "Execution worker for ':' Thread 3" [_thread_blocked, id=25668, stack(0x000000307a800000,0x000000307a900000)]
  0x000001d3448f4ea0 JavaThread "Execution worker for ':' Thread 4" [_thread_blocked, id=31120, stack(0x000000307a900000,0x000000307aa00000)]
  0x000001d348ca9640 JavaThread "Execution worker for ':' Thread 5" [_thread_blocked, id=34380, stack(0x000000307aa00000,0x000000307ab00000)]
  0x000001d348ca7490 JavaThread "Execution worker for ':' Thread 6" [_thread_blocked, id=3448, stack(0x000000307ab00000,0x000000307ac00000)]
  0x000001d348ca6fc0 JavaThread "Execution worker for ':' Thread 7" [_thread_blocked, id=1404, stack(0x000000307ac00000,0x000000307ad00000)]
  0x000001d348ca52e0 JavaThread "Cache worker for execution history cache (C:\Users\euro\Desktop\Java projects\SeleniumTest\.gradle\6.3\executionHistory)" [_thread_blocked, id=29200, stack(0x000000307ad00000,0x000000307ae00000)]
  0x000001d348ca8ca0 JavaThread "Build operations" [_thread_blocked, id=38860, stack(0x000000307ae00000,0x000000307af00000)]
  0x000001d348cac190 JavaThread "Build operations Thread 2" [_thread_blocked, id=35408, stack(0x000000307af00000,0x000000307b000000)]
  0x000001d348ca7960 JavaThread "Build operations Thread 3" [_thread_blocked, id=37048, stack(0x000000307b000000,0x000000307b100000)]
  0x000001d348caa980 JavaThread "Build operations Thread 4" [_thread_blocked, id=34756, stack(0x000000307b100000,0x000000307b200000)]
  0x000001d348ca7e30 JavaThread "Build operations Thread 5" [_thread_blocked, id=5864, stack(0x000000307b200000,0x000000307b300000)]
  0x000001d348ca8300 JavaThread "Build operations Thread 6" [_thread_blocked, id=31200, stack(0x000000307b300000,0x000000307b400000)]
  0x000001d348cab7f0 JavaThread "Build operations Thread 7" [_thread_blocked, id=30340, stack(0x000000307b400000,0x000000307b500000)]
  0x000001d348cabcc0 JavaThread "Build operations Thread 8" [_thread_blocked, id=39136, stack(0x000000307b500000,0x000000307b600000)]

Other Threads:
  0x000001d343ecfb30 VMThread "VM Thread" [stack: 0x0000003077700000,0x0000003077800000] [id=37804]
  0x000001d34499cd10 WatcherThread [stack: 0x0000003078500000,0x0000003078600000] [id=17668]
  0x000001d328c890f0 GCTaskThread "GC Thread#0" [stack: 0x0000003077200000,0x0000003077300000] [id=14396]
  0x000001d3450a7410 GCTaskThread "GC Thread#1" [stack: 0x0000003078700000,0x0000003078800000] [id=40536]
  0x000001d3450a5100 GCTaskThread "GC Thread#2" [stack: 0x0000003078800000,0x0000003078900000] [id=39392]
  0x000001d3450a4aa0 GCTaskThread "GC Thread#3" [stack: 0x0000003078900000,0x0000003078a00000] [id=28048]
  0x000001d3450a5dc0 GCTaskThread "GC Thread#4" [stack: 0x0000003078a00000,0x0000003078b00000] [id=24520]
  0x000001d3450a4110 GCTaskThread "GC Thread#5" [stack: 0x0000003078b00000,0x0000003078c00000] [id=39332]
  0x000001d3450a7a70 GCTaskThread "GC Thread#6" [stack: 0x0000003079f00000,0x000000307a000000] [id=24444]
  0x000001d3450a4440 GCTaskThread "GC Thread#7" [stack: 0x000000307a000000,0x000000307a100000] [id=26144]
  0x000001d328c8f2e0 ConcurrentGCThread "G1 Main Marker" [stack: 0x0000003077300000,0x0000003077400000] [id=29428]
  0x000001d328c90600 ConcurrentGCThread "G1 Conc#0" [stack: 0x0000003077400000,0x0000003077500000] [id=34312]
  0x000001d3450a4770 ConcurrentGCThread "G1 Conc#1" [stack: 0x000000307a100000,0x000000307a200000] [id=8052]
  0x000001d328d3d360 ConcurrentGCThread "G1 Refine#0" [stack: 0x0000003077500000,0x0000003077600000] [id=15232]
  0x000001d3454eec70 ConcurrentGCThread "G1 Refine#1" [stack: 0x0000003078c00000,0x0000003078d00000] [id=40212]
  0x000001d328d3def0 ConcurrentGCThread "G1 Young RemSet Sampling" [stack: 0x0000003077600000,0x0000003077700000] [id=23996]

Threads with active compile tasks:
C2 CompilerThread0    17907 4342       4       java.io.WinNTFileSystem::normalize (143 bytes)
C1 CompilerThread0    17907 4501       3       com.google.common.cache.LocalCache$Segment::getFirst (21 bytes)

VM state: not at safepoint (normal execution)

VM Mutex/Monitor currently owned by a thread: None

Heap address: 0x00000000e0000000, size: 512 MB, Compressed Oops mode: 32-bit
CDS archive(s) mapped at: [0x0000000800000000-0x0000000800b50000-0x0000000800b50000), size 11862016, SharedBaseAddress: 0x0000000800000000, ArchiveRelocationMode: 0.
Compressed class space mapped at: 0x0000000800b50000-0x0000000810350000, size: 260046848
Narrow klass base: 0x0000000800000000, Narrow klass shift: 3, Narrow klass range: 0x100000000

GC Precious Log:
 CPUs: 8 total, 8 available
 Memory: 6091M
 Large Page Support: Disabled
 NUMA Support: Disabled
 Compressed Oops: Enabled (32-bit)
 Heap Region Size: 1M
 Heap Min Capacity: 256M
 Heap Initial Capacity: 256M
 Heap Max Capacity: 512M
 Pre-touch: Disabled
 Parallel Workers: 8
 Concurrent Workers: 2
 Concurrent Refinement Workers: 8
 Periodic GC: Disabled

Heap:
 garbage-first heap   total 262144K, used 89525K [0x00000000e0000000, 0x0000000100000000)
  region size 1024K, 80 young (81920K), 17 survivors (17408K)
 Metaspace       used 40900K, capacity 41787K, committed 41856K, reserved 294912K
  class space    used 5553K, capacity 5745K, committed 5760K, reserved 253952K

Heap Regions: E=young(eden), S=young(survivor), O=old, HS=humongous(starts), HC=humongous(continues), CS=collection set, F=free, OA=open archive, CA=closed archive, TAMS=top-at-mark-start (previous, next)
|   0|0x00000000e0000000, 0x00000000e0100000, 0x00000000e0100000|100%| O|  |TAMS 0x00000000e0100000, 0x00000000e0000000| Untracked 
|   1|0x00000000e0100000, 0x00000000e0200000, 0x00000000e0200000|100%| O|  |TAMS 0x00000000e0200000, 0x00000000e0100000| Untracked 
|   2|0x00000000e0200000, 0x00000000e026d600, 0x00000000e0300000| 42%| O|  |TAMS 0x00000000e026d600, 0x00000000e0200000| Untracked 
|   3|0x00000000e0300000, 0x00000000e0400000, 0x00000000e0400000|100%|HS|  |TAMS 0x00000000e0400000, 0x00000000e0300000| Complete 
|   4|0x00000000e0400000, 0x00000000e0500000, 0x00000000e0500000|100%|HC|  |TAMS 0x00000000e0500000, 0x00000000e0400000| Complete 
|   5|0x00000000e0500000, 0x00000000e0600000, 0x00000000e0600000|100%|HC|  |TAMS 0x00000000e0600000, 0x00000000e0500000| Complete 
|   6|0x00000000e0600000, 0x00000000e0700000, 0x00000000e0700000|100%| O|  |TAMS 0x00000000e0700000, 0x00000000e0600000| Untracked 
|   7|0x00000000e0700000, 0x00000000e0800000, 0x00000000e0800000|100%| O|  |TAMS 0x00000000e0800000, 0x00000000e0700000| Untracked 
|   8|0x00000000e0800000, 0x00000000e0900000, 0x00000000e0900000|100%| O|  |TAMS 0x00000000e0900000, 0x00000000e0800000| Untracked 
|   9|0x00000000e0900000, 0x00000000e0900000, 0x00000000e0a00000|  0%| F|  |TAMS 0x00000000e0900000, 0x00000000e0900000| Untracked 
|  10|0x00000000e0a00000, 0x00000000e0a00000, 0x00000000e0b00000|  0%| F|  |TAMS 0x00000000e0a00000, 0x00000000e0a00000| Untracked 
|  11|0x00000000e0b00000, 0x00000000e0b00000, 0x00000000e0c00000|  0%| F|  |TAMS 0x00000000e0b00000, 0x00000000e0b00000| Untracked 
|  12|0x00000000e0c00000, 0x00000000e0c00000, 0x00000000e0d00000|  0%| F|  |TAMS 0x00000000e0c00000, 0x00000000e0c00000| Untracked 
|  13|0x00000000e0d00000, 0x00000000e0d00000, 0x00000000e0e00000|  0%| F|  |TAMS 0x00000000e0d00000, 0x00000000e0d00000| Untracked 
|  14|0x00000000e0e00000, 0x00000000e0e00000, 0x00000000e0f00000|  0%| F|  |TAMS 0x00000000e0e00000, 0x00000000e0e00000| Untracked 
|  15|0x00000000e0f00000, 0x00000000e0f00000, 0x00000000e1000000|  0%| F|  |TAMS 0x00000000e0f00000, 0x00000000e0f00000| Untracked 
|  16|0x00000000e1000000, 0x00000000e1000000, 0x00000000e1100000|  0%| F|  |TAMS 0x00000000e1000000, 0x00000000e1000000| Untracked 
|  17|0x00000000e1100000, 0x00000000e1100000, 0x00000000e1200000|  0%| F|  |TAMS 0x00000000e1100000, 0x00000000e1100000| Untracked 
|  18|0x00000000e1200000, 0x00000000e1200000, 0x00000000e1300000|  0%| F|  |TAMS 0x00000000e1200000, 0x00000000e1200000| Untracked 
|  19|0x00000000e1300000, 0x00000000e1300000, 0x00000000e1400000|  0%| F|  |TAMS 0x00000000e1300000, 0x00000000e1300000| Untracked 
|  20|0x00000000e1400000, 0x00000000e1400000, 0x00000000e1500000|  0%| F|  |TAMS 0x00000000e1400000, 0x00000000e1400000| Untracked 
|  21|0x00000000e1500000, 0x00000000e1500000, 0x00000000e1600000|  0%| F|  |TAMS 0x00000000e1500000, 0x00000000e1500000| Untracked 
|  22|0x00000000e1600000, 0x00000000e1600000, 0x00000000e1700000|  0%| F|  |TAMS 0x00000000e1600000, 0x00000000e1600000| Untracked 
|  23|0x00000000e1700000, 0x00000000e1700000, 0x00000000e1800000|  0%| F|  |TAMS 0x00000000e1700000, 0x00000000e1700000| Untracked 
|  24|0x00000000e1800000, 0x00000000e1800000, 0x00000000e1900000|  0%| F|  |TAMS 0x00000000e1800000, 0x00000000e1800000| Untracked 
|  25|0x00000000e1900000, 0x00000000e1900000, 0x00000000e1a00000|  0%| F|  |TAMS 0x00000000e1900000, 0x00000000e1900000| Untracked 
|  26|0x00000000e1a00000, 0x00000000e1a00000, 0x00000000e1b00000|  0%| F|  |TAMS 0x00000000e1a00000, 0x00000000e1a00000| Untracked 
|  27|0x00000000e1b00000, 0x00000000e1b00000, 0x00000000e1c00000|  0%| F|  |TAMS 0x00000000e1b00000, 0x00000000e1b00000| Untracked 
|  28|0x00000000e1c00000, 0x00000000e1c00000, 0x00000000e1d00000|  0%| F|  |TAMS 0x00000000e1c00000, 0x00000000e1c00000| Untracked 
|  29|0x00000000e1d00000, 0x00000000e1d00000, 0x00000000e1e00000|  0%| F|  |TAMS 0x00000000e1d00000, 0x00000000e1d00000| Untracked 
|  30|0x00000000e1e00000, 0x00000000e1e00000, 0x00000000e1f00000|  0%| F|  |TAMS 0x00000000e1e00000, 0x00000000e1e00000| Untracked 
|  31|0x00000000e1f00000, 0x00000000e1f00000, 0x00000000e2000000|  0%| F|  |TAMS 0x00000000e1f00000, 0x00000000e1f00000| Untracked 
|  32|0x00000000e2000000, 0x00000000e2000000, 0x00000000e2100000|  0%| F|  |TAMS 0x00000000e2000000, 0x00000000e2000000| Untracked 
|  33|0x00000000e2100000, 0x00000000e2100000, 0x00000000e2200000|  0%| F|  |TAMS 0x00000000e2100000, 0x00000000e2100000| Untracked 
|  34|0x00000000e2200000, 0x00000000e2200000, 0x00000000e2300000|  0%| F|  |TAMS 0x00000000e2200000, 0x00000000e2200000| Untracked 
|  35|0x00000000e2300000, 0x00000000e2300000, 0x00000000e2400000|  0%| F|  |TAMS 0x00000000e2300000, 0x00000000e2300000| Untracked 
|  36|0x00000000e2400000, 0x00000000e2400000, 0x00000000e2500000|  0%| F|  |TAMS 0x00000000e2400000, 0x00000000e2400000| Untracked 
|  37|0x00000000e2500000, 0x00000000e2500000, 0x00000000e2600000|  0%| F|  |TAMS 0x00000000e2500000, 0x00000000e2500000| Untracked 
|  38|0x00000000e2600000, 0x00000000e2600000, 0x00000000e2700000|  0%| F|  |TAMS 0x00000000e2600000, 0x00000000e2600000| Untracked 
|  39|0x00000000e2700000, 0x00000000e2700000, 0x00000000e2800000|  0%| F|  |TAMS 0x00000000e2700000, 0x00000000e2700000| Untracked 
|  40|0x00000000e2800000, 0x00000000e2800000, 0x00000000e2900000|  0%| F|  |TAMS 0x00000000e2800000, 0x00000000e2800000| Untracked 
|  41|0x00000000e2900000, 0x00000000e2900000, 0x00000000e2a00000|  0%| F|  |TAMS 0x00000000e2900000, 0x00000000e2900000| Untracked 
|  42|0x00000000e2a00000, 0x00000000e2a00000, 0x00000000e2b00000|  0%| F|  |TAMS 0x00000000e2a00000, 0x00000000e2a00000| Untracked 
|  43|0x00000000e2b00000, 0x00000000e2b00000, 0x00000000e2c00000|  0%| F|  |TAMS 0x00000000e2b00000, 0x00000000e2b00000| Untracked 
|  44|0x00000000e2c00000, 0x00000000e2c00000, 0x00000000e2d00000|  0%| F|  |TAMS 0x00000000e2c00000, 0x00000000e2c00000| Untracked 
|  45|0x00000000e2d00000, 0x00000000e2d00000, 0x00000000e2e00000|  0%| F|  |TAMS 0x00000000e2d00000, 0x00000000e2d00000| Untracked 
|  46|0x00000000e2e00000, 0x00000000e2e00000, 0x00000000e2f00000|  0%| F|  |TAMS 0x00000000e2e00000, 0x00000000e2e00000| Untracked 
|  47|0x00000000e2f00000, 0x00000000e2f00000, 0x00000000e3000000|  0%| F|  |TAMS 0x00000000e2f00000, 0x00000000e2f00000| Untracked 
|  48|0x00000000e3000000, 0x00000000e3000000, 0x00000000e3100000|  0%| F|  |TAMS 0x00000000e3000000, 0x00000000e3000000| Untracked 
|  49|0x00000000e3100000, 0x00000000e3100000, 0x00000000e3200000|  0%| F|  |TAMS 0x00000000e3100000, 0x00000000e3100000| Untracked 
|  50|0x00000000e3200000, 0x00000000e3200000, 0x00000000e3300000|  0%| F|  |TAMS 0x00000000e3200000, 0x00000000e3200000| Untracked 
|  51|0x00000000e3300000, 0x00000000e3300000, 0x00000000e3400000|  0%| F|  |TAMS 0x00000000e3300000, 0x00000000e3300000| Untracked 
|  52|0x00000000e3400000, 0x00000000e3400000, 0x00000000e3500000|  0%| F|  |TAMS 0x00000000e3400000, 0x00000000e3400000| Untracked 
|  53|0x00000000e3500000, 0x00000000e3500000, 0x00000000e3600000|  0%| F|  |TAMS 0x00000000e3500000, 0x00000000e3500000| Untracked 
|  54|0x00000000e3600000, 0x00000000e3600000, 0x00000000e3700000|  0%| F|  |TAMS 0x00000000e3600000, 0x00000000e3600000| Untracked 
|  55|0x00000000e3700000, 0x00000000e3700000, 0x00000000e3800000|  0%| F|  |TAMS 0x00000000e3700000, 0x00000000e3700000| Untracked 
|  56|0x00000000e3800000, 0x00000000e3800000, 0x00000000e3900000|  0%| F|  |TAMS 0x00000000e3800000, 0x00000000e3800000| Untracked 
|  57|0x00000000e3900000, 0x00000000e3900000, 0x00000000e3a00000|  0%| F|  |TAMS 0x00000000e3900000, 0x00000000e3900000| Untracked 
|  58|0x00000000e3a00000, 0x00000000e3a00000, 0x00000000e3b00000|  0%| F|  |TAMS 0x00000000e3a00000, 0x00000000e3a00000| Untracked 
|  59|0x00000000e3b00000, 0x00000000e3b00000, 0x00000000e3c00000|  0%| F|  |TAMS 0x00000000e3b00000, 0x00000000e3b00000| Untracked 
|  60|0x00000000e3c00000, 0x00000000e3c00000, 0x00000000e3d00000|  0%| F|  |TAMS 0x00000000e3c00000, 0x00000000e3c00000| Untracked 
|  61|0x00000000e3d00000, 0x00000000e3d00000, 0x00000000e3e00000|  0%| F|  |TAMS 0x00000000e3d00000, 0x00000000e3d00000| Untracked 
|  62|0x00000000e3e00000, 0x00000000e3e00000, 0x00000000e3f00000|  0%| F|  |TAMS 0x00000000e3e00000, 0x00000000e3e00000| Untracked 
|  63|0x00000000e3f00000, 0x00000000e3f00000, 0x00000000e4000000|  0%| F|  |TAMS 0x00000000e3f00000, 0x00000000e3f00000| Untracked 
|  64|0x00000000e4000000, 0x00000000e4000000, 0x00000000e4100000|  0%| F|  |TAMS 0x00000000e4000000, 0x00000000e4000000| Untracked 
|  65|0x00000000e4100000, 0x00000000e4100000, 0x00000000e4200000|  0%| F|  |TAMS 0x00000000e4100000, 0x00000000e4100000| Untracked 
|  66|0x00000000e4200000, 0x00000000e4200000, 0x00000000e4300000|  0%| F|  |TAMS 0x00000000e4200000, 0x00000000e4200000| Untracked 
|  67|0x00000000e4300000, 0x00000000e4300000, 0x00000000e4400000|  0%| F|  |TAMS 0x00000000e4300000, 0x00000000e4300000| Untracked 
|  68|0x00000000e4400000, 0x00000000e4400000, 0x00000000e4500000|  0%| F|  |TAMS 0x00000000e4400000, 0x00000000e4400000| Untracked 
|  69|0x00000000e4500000, 0x00000000e4500000, 0x00000000e4600000|  0%| F|  |TAMS 0x00000000e4500000, 0x00000000e4500000| Untracked 
|  70|0x00000000e4600000, 0x00000000e4600000, 0x00000000e4700000|  0%| F|  |TAMS 0x00000000e4600000, 0x00000000e4600000| Untracked 
|  71|0x00000000e4700000, 0x00000000e4700000, 0x00000000e4800000|  0%| F|  |TAMS 0x00000000e4700000, 0x00000000e4700000| Untracked 
|  72|0x00000000e4800000, 0x00000000e4800000, 0x00000000e4900000|  0%| F|  |TAMS 0x00000000e4800000, 0x00000000e4800000| Untracked 
|  73|0x00000000e4900000, 0x00000000e4900000, 0x00000000e4a00000|  0%| F|  |TAMS 0x00000000e4900000, 0x00000000e4900000| Untracked 
|  74|0x00000000e4a00000, 0x00000000e4a00000, 0x00000000e4b00000|  0%| F|  |TAMS 0x00000000e4a00000, 0x00000000e4a00000| Untracked 
|  75|0x00000000e4b00000, 0x00000000e4b00000, 0x00000000e4c00000|  0%| F|  |TAMS 0x00000000e4b00000, 0x00000000e4b00000| Untracked 
|  76|0x00000000e4c00000, 0x00000000e4c00000, 0x00000000e4d00000|  0%| F|  |TAMS 0x00000000e4c00000, 0x00000000e4c00000| Untracked 
|  77|0x00000000e4d00000, 0x00000000e4d00000, 0x00000000e4e00000|  0%| F|  |TAMS 0x00000000e4d00000, 0x00000000e4d00000| Untracked 
|  78|0x00000000e4e00000, 0x00000000e4e00000, 0x00000000e4f00000|  0%| F|  |TAMS 0x00000000e4e00000, 0x00000000e4e00000| Untracked 
|  79|0x00000000e4f00000, 0x00000000e4f00000, 0x00000000e5000000|  0%| F|  |TAMS 0x00000000e4f00000, 0x00000000e4f00000| Untracked 
|  80|0x00000000e5000000, 0x00000000e5000000, 0x00000000e5100000|  0%| F|  |TAMS 0x00000000e5000000, 0x00000000e5000000| Untracked 
|  81|0x00000000e5100000, 0x00000000e5100000, 0x00000000e5200000|  0%| F|  |TAMS 0x00000000e5100000, 0x00000000e5100000| Untracked 
|  82|0x00000000e5200000, 0x00000000e5200000, 0x00000000e5300000|  0%| F|  |TAMS 0x00000000e5200000, 0x00000000e5200000| Untracked 
|  83|0x00000000e5300000, 0x00000000e5300000, 0x00000000e5400000|  0%| F|  |TAMS 0x00000000e5300000, 0x00000000e5300000| Untracked 
|  84|0x00000000e5400000, 0x00000000e5400000, 0x00000000e5500000|  0%| F|  |TAMS 0x00000000e5400000, 0x00000000e5400000| Untracked 
|  85|0x00000000e5500000, 0x00000000e5500000, 0x00000000e5600000|  0%| F|  |TAMS 0x00000000e5500000, 0x00000000e5500000| Untracked 
|  86|0x00000000e5600000, 0x00000000e5600000, 0x00000000e5700000|  0%| F|  |TAMS 0x00000000e5600000, 0x00000000e5600000| Untracked 
|  87|0x00000000e5700000, 0x00000000e5700000, 0x00000000e5800000|  0%| F|  |TAMS 0x00000000e5700000, 0x00000000e5700000| Untracked 
|  88|0x00000000e5800000, 0x00000000e5800000, 0x00000000e5900000|  0%| F|  |TAMS 0x00000000e5800000, 0x00000000e5800000| Untracked 
|  89|0x00000000e5900000, 0x00000000e5900000, 0x00000000e5a00000|  0%| F|  |TAMS 0x00000000e5900000, 0x00000000e5900000| Untracked 
|  90|0x00000000e5a00000, 0x00000000e5a00000, 0x00000000e5b00000|  0%| F|  |TAMS 0x00000000e5a00000, 0x00000000e5a00000| Untracked 
|  91|0x00000000e5b00000, 0x00000000e5b00000, 0x00000000e5c00000|  0%| F|  |TAMS 0x00000000e5b00000, 0x00000000e5b00000| Untracked 
|  92|0x00000000e5c00000, 0x00000000e5c00000, 0x00000000e5d00000|  0%| F|  |TAMS 0x00000000e5c00000, 0x00000000e5c00000| Untracked 
|  93|0x00000000e5d00000, 0x00000000e5d00000, 0x00000000e5e00000|  0%| F|  |TAMS 0x00000000e5d00000, 0x00000000e5d00000| Untracked 
|  94|0x00000000e5e00000, 0x00000000e5e00000, 0x00000000e5f00000|  0%| F|  |TAMS 0x00000000e5e00000, 0x00000000e5e00000| Untracked 
|  95|0x00000000e5f00000, 0x00000000e5f00000, 0x00000000e6000000|  0%| F|  |TAMS 0x00000000e5f00000, 0x00000000e5f00000| Untracked 
|  96|0x00000000e6000000, 0x00000000e6000000, 0x00000000e6100000|  0%| F|  |TAMS 0x00000000e6000000, 0x00000000e6000000| Untracked 
|  97|0x00000000e6100000, 0x00000000e6100000, 0x00000000e6200000|  0%| F|  |TAMS 0x00000000e6100000, 0x00000000e6100000| Untracked 
|  98|0x00000000e6200000, 0x00000000e6200000, 0x00000000e6300000|  0%| F|  |TAMS 0x00000000e6200000, 0x00000000e6200000| Untracked 
|  99|0x00000000e6300000, 0x00000000e6300000, 0x00000000e6400000|  0%| F|  |TAMS 0x00000000e6300000, 0x00000000e6300000| Untracked 
| 100|0x00000000e6400000, 0x00000000e6400000, 0x00000000e6500000|  0%| F|  |TAMS 0x00000000e6400000, 0x00000000e6400000| Untracked 
| 101|0x00000000e6500000, 0x00000000e6500000, 0x00000000e6600000|  0%| F|  |TAMS 0x00000000e6500000, 0x00000000e6500000| Untracked 
| 102|0x00000000e6600000, 0x00000000e6600000, 0x00000000e6700000|  0%| F|  |TAMS 0x00000000e6600000, 0x00000000e6600000| Untracked 
| 103|0x00000000e6700000, 0x00000000e6700000, 0x00000000e6800000|  0%| F|  |TAMS 0x00000000e6700000, 0x00000000e6700000| Untracked 
| 104|0x00000000e6800000, 0x00000000e6800000, 0x00000000e6900000|  0%| F|  |TAMS 0x00000000e6800000, 0x00000000e6800000| Untracked 
| 105|0x00000000e6900000, 0x00000000e6900000, 0x00000000e6a00000|  0%| F|  |TAMS 0x00000000e6900000, 0x00000000e6900000| Untracked 
| 106|0x00000000e6a00000, 0x00000000e6a00000, 0x00000000e6b00000|  0%| F|  |TAMS 0x00000000e6a00000, 0x00000000e6a00000| Untracked 
| 107|0x00000000e6b00000, 0x00000000e6b00000, 0x00000000e6c00000|  0%| F|  |TAMS 0x00000000e6b00000, 0x00000000e6b00000| Untracked 
| 108|0x00000000e6c00000, 0x00000000e6c00000, 0x00000000e6d00000|  0%| F|  |TAMS 0x00000000e6c00000, 0x00000000e6c00000| Untracked 
| 109|0x00000000e6d00000, 0x00000000e6d00000, 0x00000000e6e00000|  0%| F|  |TAMS 0x00000000e6d00000, 0x00000000e6d00000| Untracked 
| 110|0x00000000e6e00000, 0x00000000e6e00000, 0x00000000e6f00000|  0%| F|  |TAMS 0x00000000e6e00000, 0x00000000e6e00000| Untracked 
| 111|0x00000000e6f00000, 0x00000000e6f00000, 0x00000000e7000000|  0%| F|  |TAMS 0x00000000e6f00000, 0x00000000e6f00000| Untracked 
| 112|0x00000000e7000000, 0x00000000e7000000, 0x00000000e7100000|  0%| F|  |TAMS 0x00000000e7000000, 0x00000000e7000000| Untracked 
| 113|0x00000000e7100000, 0x00000000e7100000, 0x00000000e7200000|  0%| F|  |TAMS 0x00000000e7100000, 0x00000000e7100000| Untracked 
| 114|0x00000000e7200000, 0x00000000e7200000, 0x00000000e7300000|  0%| F|  |TAMS 0x00000000e7200000, 0x00000000e7200000| Untracked 
| 115|0x00000000e7300000, 0x00000000e7300000, 0x00000000e7400000|  0%| F|  |TAMS 0x00000000e7300000, 0x00000000e7300000| Untracked 
| 116|0x00000000e7400000, 0x00000000e7400000, 0x00000000e7500000|  0%| F|  |TAMS 0x00000000e7400000, 0x00000000e7400000| Untracked 
| 117|0x00000000e7500000, 0x00000000e7500000, 0x00000000e7600000|  0%| F|  |TAMS 0x00000000e7500000, 0x00000000e7500000| Untracked 
| 118|0x00000000e7600000, 0x00000000e7600000, 0x00000000e7700000|  0%| F|  |TAMS 0x00000000e7600000, 0x00000000e7600000| Untracked 
| 119|0x00000000e7700000, 0x00000000e7700000, 0x00000000e7800000|  0%| F|  |TAMS 0x00000000e7700000, 0x00000000e7700000| Untracked 
| 120|0x00000000e7800000, 0x00000000e7800000, 0x00000000e7900000|  0%| F|  |TAMS 0x00000000e7800000, 0x00000000e7800000| Untracked 
| 121|0x00000000e7900000, 0x00000000e7900000, 0x00000000e7a00000|  0%| F|  |TAMS 0x00000000e7900000, 0x00000000e7900000| Untracked 
| 122|0x00000000e7a00000, 0x00000000e7a00000, 0x00000000e7b00000|  0%| F|  |TAMS 0x00000000e7a00000, 0x00000000e7a00000| Untracked 
| 123|0x00000000e7b00000, 0x00000000e7b00000, 0x00000000e7c00000|  0%| F|  |TAMS 0x00000000e7b00000, 0x00000000e7b00000| Untracked 
| 124|0x00000000e7c00000, 0x00000000e7c00000, 0x00000000e7d00000|  0%| F|  |TAMS 0x00000000e7c00000, 0x00000000e7c00000| Untracked 
| 125|0x00000000e7d00000, 0x00000000e7d00000, 0x00000000e7e00000|  0%| F|  |TAMS 0x00000000e7d00000, 0x00000000e7d00000| Untracked 
| 126|0x00000000e7e00000, 0x00000000e7e00000, 0x00000000e7f00000|  0%| F|  |TAMS 0x00000000e7e00000, 0x00000000e7e00000| Untracked 
| 127|0x00000000e7f00000, 0x00000000e7f00000, 0x00000000e8000000|  0%| F|  |TAMS 0x00000000e7f00000, 0x00000000e7f00000| Untracked 
| 128|0x00000000e8000000, 0x00000000e8000000, 0x00000000e8100000|  0%| F|  |TAMS 0x00000000e8000000, 0x00000000e8000000| Untracked 
| 129|0x00000000e8100000, 0x00000000e8100000, 0x00000000e8200000|  0%| F|  |TAMS 0x00000000e8100000, 0x00000000e8100000| Untracked 
| 130|0x00000000e8200000, 0x00000000e8200000, 0x00000000e8300000|  0%| F|  |TAMS 0x00000000e8200000, 0x00000000e8200000| Untracked 
| 131|0x00000000e8300000, 0x00000000e8300000, 0x00000000e8400000|  0%| F|  |TAMS 0x00000000e8300000, 0x00000000e8300000| Untracked 
| 132|0x00000000e8400000, 0x00000000e8400000, 0x00000000e8500000|  0%| F|  |TAMS 0x00000000e8400000, 0x00000000e8400000| Untracked 
| 133|0x00000000e8500000, 0x00000000e8500000, 0x00000000e8600000|  0%| F|  |TAMS 0x00000000e8500000, 0x00000000e8500000| Untracked 
| 134|0x00000000e8600000, 0x00000000e8600000, 0x00000000e8700000|  0%| F|  |TAMS 0x00000000e8600000, 0x00000000e8600000| Untracked 
| 135|0x00000000e8700000, 0x00000000e8700000, 0x00000000e8800000|  0%| F|  |TAMS 0x00000000e8700000, 0x00000000e8700000| Untracked 
| 136|0x00000000e8800000, 0x00000000e8800000, 0x00000000e8900000|  0%| F|  |TAMS 0x00000000e8800000, 0x00000000e8800000| Untracked 
| 137|0x00000000e8900000, 0x00000000e8900000, 0x00000000e8a00000|  0%| F|  |TAMS 0x00000000e8900000, 0x00000000e8900000| Untracked 
| 138|0x00000000e8a00000, 0x00000000e8a00000, 0x00000000e8b00000|  0%| F|  |TAMS 0x00000000e8a00000, 0x00000000e8a00000| Untracked 
| 139|0x00000000e8b00000, 0x00000000e8b00000, 0x00000000e8c00000|  0%| F|  |TAMS 0x00000000e8b00000, 0x00000000e8b00000| Untracked 
| 140|0x00000000e8c00000, 0x00000000e8c00000, 0x00000000e8d00000|  0%| F|  |TAMS 0x00000000e8c00000, 0x00000000e8c00000| Untracked 
| 141|0x00000000e8d00000, 0x00000000e8e00000, 0x00000000e8e00000|100%| S|CS|TAMS 0x00000000e8d00000, 0x00000000e8d00000| Complete 
| 142|0x00000000e8e00000, 0x00000000e8f00000, 0x00000000e8f00000|100%| S|CS|TAMS 0x00000000e8e00000, 0x00000000e8e00000| Complete 
| 143|0x00000000e8f00000, 0x00000000e9000000, 0x00000000e9000000|100%| S|CS|TAMS 0x00000000e8f00000, 0x00000000e8f00000| Complete 
| 144|0x00000000e9000000, 0x00000000e9100000, 0x00000000e9100000|100%| S|CS|TAMS 0x00000000e9000000, 0x00000000e9000000| Complete 
| 145|0x00000000e9100000, 0x00000000e9200000, 0x00000000e9200000|100%| S|CS|TAMS 0x00000000e9100000, 0x00000000e9100000| Complete 
| 146|0x00000000e9200000, 0x00000000e9300000, 0x00000000e9300000|100%| S|CS|TAMS 0x00000000e9200000, 0x00000000e9200000| Complete 
| 147|0x00000000e9300000, 0x00000000e9400000, 0x00000000e9400000|100%| S|CS|TAMS 0x00000000e9300000, 0x00000000e9300000| Complete 
| 148|0x00000000e9400000, 0x00000000e9500000, 0x00000000e9500000|100%| S|CS|TAMS 0x00000000e9400000, 0x00000000e9400000| Complete 
| 149|0x00000000e9500000, 0x00000000e9600000, 0x00000000e9600000|100%| S|CS|TAMS 0x00000000e9500000, 0x00000000e9500000| Complete 
| 150|0x00000000e9600000, 0x00000000e9700000, 0x00000000e9700000|100%| S|CS|TAMS 0x00000000e9600000, 0x00000000e9600000| Complete 
| 151|0x00000000e9700000, 0x00000000e9800000, 0x00000000e9800000|100%| S|CS|TAMS 0x00000000e9700000, 0x00000000e9700000| Complete 
| 152|0x00000000e9800000, 0x00000000e9900000, 0x00000000e9900000|100%| S|CS|TAMS 0x00000000e9800000, 0x00000000e9800000| Complete 
| 153|0x00000000e9900000, 0x00000000e9a00000, 0x00000000e9a00000|100%| S|CS|TAMS 0x00000000e9900000, 0x00000000e9900000| Complete 
| 154|0x00000000e9a00000, 0x00000000e9b00000, 0x00000000e9b00000|100%| S|CS|TAMS 0x00000000e9a00000, 0x00000000e9a00000| Complete 
| 155|0x00000000e9b00000, 0x00000000e9c00000, 0x00000000e9c00000|100%| S|CS|TAMS 0x00000000e9b00000, 0x00000000e9b00000| Complete 
| 156|0x00000000e9c00000, 0x00000000e9d00000, 0x00000000e9d00000|100%| S|CS|TAMS 0x00000000e9c00000, 0x00000000e9c00000| Complete 
| 157|0x00000000e9d00000, 0x00000000e9e00000, 0x00000000e9e00000|100%| S|CS|TAMS 0x00000000e9d00000, 0x00000000e9d00000| Complete 
| 158|0x00000000e9e00000, 0x00000000e9e00000, 0x00000000e9f00000|  0%| F|  |TAMS 0x00000000e9e00000, 0x00000000e9e00000| Untracked 
| 159|0x00000000e9f00000, 0x00000000e9f00000, 0x00000000ea000000|  0%| F|  |TAMS 0x00000000e9f00000, 0x00000000e9f00000| Untracked 
| 160|0x00000000ea000000, 0x00000000ea000000, 0x00000000ea100000|  0%| F|  |TAMS 0x00000000ea000000, 0x00000000ea000000| Untracked 
| 161|0x00000000ea100000, 0x00000000ea100000, 0x00000000ea200000|  0%| F|  |TAMS 0x00000000ea100000, 0x00000000ea100000| Untracked 
| 162|0x00000000ea200000, 0x00000000ea200000, 0x00000000ea300000|  0%| F|  |TAMS 0x00000000ea200000, 0x00000000ea200000| Untracked 
| 163|0x00000000ea300000, 0x00000000ea300000, 0x00000000ea400000|  0%| F|  |TAMS 0x00000000ea300000, 0x00000000ea300000| Untracked 
| 164|0x00000000ea400000, 0x00000000ea400000, 0x00000000ea500000|  0%| F|  |TAMS 0x00000000ea400000, 0x00000000ea400000| Untracked 
| 165|0x00000000ea500000, 0x00000000ea500000, 0x00000000ea600000|  0%| F|  |TAMS 0x00000000ea500000, 0x00000000ea500000| Untracked 
| 166|0x00000000ea600000, 0x00000000ea600000, 0x00000000ea700000|  0%| F|  |TAMS 0x00000000ea600000, 0x00000000ea600000| Untracked 
| 167|0x00000000ea700000, 0x00000000ea700000, 0x00000000ea800000|  0%| F|  |TAMS 0x00000000ea700000, 0x00000000ea700000| Untracked 
| 168|0x00000000ea800000, 0x00000000ea800000, 0x00000000ea900000|  0%| F|  |TAMS 0x00000000ea800000, 0x00000000ea800000| Untracked 
| 169|0x00000000ea900000, 0x00000000ea900000, 0x00000000eaa00000|  0%| F|  |TAMS 0x00000000ea900000, 0x00000000ea900000| Untracked 
| 170|0x00000000eaa00000, 0x00000000eaa00000, 0x00000000eab00000|  0%| F|  |TAMS 0x00000000eaa00000, 0x00000000eaa00000| Untracked 
| 171|0x00000000eab00000, 0x00000000eab00000, 0x00000000eac00000|  0%| F|  |TAMS 0x00000000eab00000, 0x00000000eab00000| Untracked 
| 172|0x00000000eac00000, 0x00000000eac00000, 0x00000000ead00000|  0%| F|  |TAMS 0x00000000eac00000, 0x00000000eac00000| Untracked 
| 173|0x00000000ead00000, 0x00000000ead00000, 0x00000000eae00000|  0%| F|  |TAMS 0x00000000ead00000, 0x00000000ead00000| Untracked 
| 174|0x00000000eae00000, 0x00000000eae00000, 0x00000000eaf00000|  0%| F|  |TAMS 0x00000000eae00000, 0x00000000eae00000| Untracked 
| 175|0x00000000eaf00000, 0x00000000eaf00000, 0x00000000eb000000|  0%| F|  |TAMS 0x00000000eaf00000, 0x00000000eaf00000| Untracked 
| 176|0x00000000eb000000, 0x00000000eb000000, 0x00000000eb100000|  0%| F|  |TAMS 0x00000000eb000000, 0x00000000eb000000| Untracked 
| 177|0x00000000eb100000, 0x00000000eb100000, 0x00000000eb200000|  0%| F|  |TAMS 0x00000000eb100000, 0x00000000eb100000| Untracked 
| 178|0x00000000eb200000, 0x00000000eb200000, 0x00000000eb300000|  0%| F|  |TAMS 0x00000000eb200000, 0x00000000eb200000| Untracked 
| 179|0x00000000eb300000, 0x00000000eb300000, 0x00000000eb400000|  0%| F|  |TAMS 0x00000000eb300000, 0x00000000eb300000| Untracked 
| 180|0x00000000eb400000, 0x00000000eb400000, 0x00000000eb500000|  0%| F|  |TAMS 0x00000000eb400000, 0x00000000eb400000| Untracked 
| 181|0x00000000eb500000, 0x00000000eb500000, 0x00000000eb600000|  0%| F|  |TAMS 0x00000000eb500000, 0x00000000eb500000| Untracked 
| 182|0x00000000eb600000, 0x00000000eb600000, 0x00000000eb700000|  0%| F|  |TAMS 0x00000000eb600000, 0x00000000eb600000| Untracked 
| 183|0x00000000eb700000, 0x00000000eb700000, 0x00000000eb800000|  0%| F|  |TAMS 0x00000000eb700000, 0x00000000eb700000| Untracked 
| 184|0x00000000eb800000, 0x00000000eb800000, 0x00000000eb900000|  0%| F|  |TAMS 0x00000000eb800000, 0x00000000eb800000| Untracked 
| 185|0x00000000eb900000, 0x00000000eb900000, 0x00000000eba00000|  0%| F|  |TAMS 0x00000000eb900000, 0x00000000eb900000| Untracked 
| 186|0x00000000eba00000, 0x00000000eba00000, 0x00000000ebb00000|  0%| F|  |TAMS 0x00000000eba00000, 0x00000000eba00000| Untracked 
| 187|0x00000000ebb00000, 0x00000000ebb00000, 0x00000000ebc00000|  0%| F|  |TAMS 0x00000000ebb00000, 0x00000000ebb00000| Untracked 
| 188|0x00000000ebc00000, 0x00000000ebc00000, 0x00000000ebd00000|  0%| F|  |TAMS 0x00000000ebc00000, 0x00000000ebc00000| Untracked 
| 189|0x00000000ebd00000, 0x00000000ebd00000, 0x00000000ebe00000|  0%| F|  |TAMS 0x00000000ebd00000, 0x00000000ebd00000| Untracked 
| 190|0x00000000ebe00000, 0x00000000ebe00000, 0x00000000ebf00000|  0%| F|  |TAMS 0x00000000ebe00000, 0x00000000ebe00000| Untracked 
| 191|0x00000000ebf00000, 0x00000000ebf00000, 0x00000000ec000000|  0%| F|  |TAMS 0x00000000ebf00000, 0x00000000ebf00000| Untracked 
| 192|0x00000000ec000000, 0x00000000ec000000, 0x00000000ec100000|  0%| F|  |TAMS 0x00000000ec000000, 0x00000000ec000000| Untracked 
| 193|0x00000000ec100000, 0x00000000ec1d2b88, 0x00000000ec200000| 82%| E|  |TAMS 0x00000000ec100000, 0x00000000ec100000| Complete 
| 194|0x00000000ec200000, 0x00000000ec300000, 0x00000000ec300000|100%| E|CS|TAMS 0x00000000ec200000, 0x00000000ec200000| Complete 
| 195|0x00000000ec300000, 0x00000000ec400000, 0x00000000ec400000|100%| E|CS|TAMS 0x00000000ec300000, 0x00000000ec300000| Complete 
| 196|0x00000000ec400000, 0x00000000ec500000, 0x00000000ec500000|100%| E|CS|TAMS 0x00000000ec400000, 0x00000000ec400000| Complete 
| 197|0x00000000ec500000, 0x00000000ec600000, 0x00000000ec600000|100%| E|CS|TAMS 0x00000000ec500000, 0x00000000ec500000| Complete 
| 198|0x00000000ec600000, 0x00000000ec700000, 0x00000000ec700000|100%| E|CS|TAMS 0x00000000ec600000, 0x00000000ec600000| Complete 
| 199|0x00000000ec700000, 0x00000000ec800000, 0x00000000ec800000|100%| E|CS|TAMS 0x00000000ec700000, 0x00000000ec700000| Complete 
| 200|0x00000000ec800000, 0x00000000ec900000, 0x00000000ec900000|100%| E|CS|TAMS 0x00000000ec800000, 0x00000000ec800000| Complete 
| 201|0x00000000ec900000, 0x00000000eca00000, 0x00000000eca00000|100%| E|CS|TAMS 0x00000000ec900000, 0x00000000ec900000| Complete 
| 202|0x00000000eca00000, 0x00000000ecb00000, 0x00000000ecb00000|100%| E|CS|TAMS 0x00000000eca00000, 0x00000000eca00000| Complete 
| 203|0x00000000ecb00000, 0x00000000ecc00000, 0x00000000ecc00000|100%| E|CS|TAMS 0x00000000ecb00000, 0x00000000ecb00000| Complete 
| 204|0x00000000ecc00000, 0x00000000ecd00000, 0x00000000ecd00000|100%| E|CS|TAMS 0x00000000ecc00000, 0x00000000ecc00000| Complete 
| 205|0x00000000ecd00000, 0x00000000ece00000, 0x00000000ece00000|100%| E|CS|TAMS 0x00000000ecd00000, 0x00000000ecd00000| Complete 
| 206|0x00000000ece00000, 0x00000000ecf00000, 0x00000000ecf00000|100%| E|CS|TAMS 0x00000000ece00000, 0x00000000ece00000| Complete 
| 207|0x00000000ecf00000, 0x00000000ed000000, 0x00000000ed000000|100%| E|CS|TAMS 0x00000000ecf00000, 0x00000000ecf00000| Complete 
| 208|0x00000000ed000000, 0x00000000ed100000, 0x00000000ed100000|100%| E|CS|TAMS 0x00000000ed000000, 0x00000000ed000000| Complete 
| 209|0x00000000ed100000, 0x00000000ed200000, 0x00000000ed200000|100%| E|CS|TAMS 0x00000000ed100000, 0x00000000ed100000| Complete 
| 210|0x00000000ed200000, 0x00000000ed300000, 0x00000000ed300000|100%| E|CS|TAMS 0x00000000ed200000, 0x00000000ed200000| Complete 
| 211|0x00000000ed300000, 0x00000000ed400000, 0x00000000ed400000|100%| E|CS|TAMS 0x00000000ed300000, 0x00000000ed300000| Complete 
| 212|0x00000000ed400000, 0x00000000ed500000, 0x00000000ed500000|100%| E|CS|TAMS 0x00000000ed400000, 0x00000000ed400000| Complete 
| 213|0x00000000ed500000, 0x00000000ed600000, 0x00000000ed600000|100%| E|CS|TAMS 0x00000000ed500000, 0x00000000ed500000| Complete 
| 214|0x00000000ed600000, 0x00000000ed700000, 0x00000000ed700000|100%| E|CS|TAMS 0x00000000ed600000, 0x00000000ed600000| Complete 
| 215|0x00000000ed700000, 0x00000000ed800000, 0x00000000ed800000|100%| E|CS|TAMS 0x00000000ed700000, 0x00000000ed700000| Complete 
| 216|0x00000000ed800000, 0x00000000ed900000, 0x00000000ed900000|100%| E|CS|TAMS 0x00000000ed800000, 0x00000000ed800000| Complete 
| 217|0x00000000ed900000, 0x00000000eda00000, 0x00000000eda00000|100%| E|CS|TAMS 0x00000000ed900000, 0x00000000ed900000| Complete 
| 218|0x00000000eda00000, 0x00000000edb00000, 0x00000000edb00000|100%| E|CS|TAMS 0x00000000eda00000, 0x00000000eda00000| Complete 
| 219|0x00000000edb00000, 0x00000000edc00000, 0x00000000edc00000|100%| E|CS|TAMS 0x00000000edb00000, 0x00000000edb00000| Complete 
| 220|0x00000000edc00000, 0x00000000edd00000, 0x00000000edd00000|100%| E|CS|TAMS 0x00000000edc00000, 0x00000000edc00000| Complete 
| 221|0x00000000edd00000, 0x00000000ede00000, 0x00000000ede00000|100%| E|CS|TAMS 0x00000000edd00000, 0x00000000edd00000| Complete 
| 222|0x00000000ede00000, 0x00000000edf00000, 0x00000000edf00000|100%| E|CS|TAMS 0x00000000ede00000, 0x00000000ede00000| Complete 
| 223|0x00000000edf00000, 0x00000000ee000000, 0x00000000ee000000|100%| E|CS|TAMS 0x00000000edf00000, 0x00000000edf00000| Complete 
| 224|0x00000000ee000000, 0x00000000ee100000, 0x00000000ee100000|100%| E|CS|TAMS 0x00000000ee000000, 0x00000000ee000000| Complete 
| 225|0x00000000ee100000, 0x00000000ee200000, 0x00000000ee200000|100%| E|CS|TAMS 0x00000000ee100000, 0x00000000ee100000| Complete 
| 226|0x00000000ee200000, 0x00000000ee300000, 0x00000000ee300000|100%| E|CS|TAMS 0x00000000ee200000, 0x00000000ee200000| Complete 
| 227|0x00000000ee300000, 0x00000000ee400000, 0x00000000ee400000|100%| E|CS|TAMS 0x00000000ee300000, 0x00000000ee300000| Complete 
| 228|0x00000000ee400000, 0x00000000ee500000, 0x00000000ee500000|100%| E|CS|TAMS 0x00000000ee400000, 0x00000000ee400000| Complete 
| 229|0x00000000ee500000, 0x00000000ee600000, 0x00000000ee600000|100%| E|CS|TAMS 0x00000000ee500000, 0x00000000ee500000| Complete 
| 230|0x00000000ee600000, 0x00000000ee700000, 0x00000000ee700000|100%| E|CS|TAMS 0x00000000ee600000, 0x00000000ee600000| Complete 
| 231|0x00000000ee700000, 0x00000000ee800000, 0x00000000ee800000|100%| E|CS|TAMS 0x00000000ee700000, 0x00000000ee700000| Complete 
| 232|0x00000000ee800000, 0x00000000ee900000, 0x00000000ee900000|100%| E|CS|TAMS 0x00000000ee800000, 0x00000000ee800000| Complete 
| 233|0x00000000ee900000, 0x00000000eea00000, 0x00000000eea00000|100%| E|CS|TAMS 0x00000000ee900000, 0x00000000ee900000| Complete 
| 234|0x00000000eea00000, 0x00000000eeb00000, 0x00000000eeb00000|100%| E|CS|TAMS 0x00000000eea00000, 0x00000000eea00000| Complete 
| 235|0x00000000eeb00000, 0x00000000eec00000, 0x00000000eec00000|100%| E|CS|TAMS 0x00000000eeb00000, 0x00000000eeb00000| Complete 
| 236|0x00000000eec00000, 0x00000000eed00000, 0x00000000eed00000|100%| E|CS|TAMS 0x00000000eec00000, 0x00000000eec00000| Complete 
| 237|0x00000000eed00000, 0x00000000eee00000, 0x00000000eee00000|100%| E|CS|TAMS 0x00000000eed00000, 0x00000000eed00000| Complete 
| 238|0x00000000eee00000, 0x00000000eef00000, 0x00000000eef00000|100%| E|CS|TAMS 0x00000000eee00000, 0x00000000eee00000| Complete 
| 239|0x00000000eef00000, 0x00000000ef000000, 0x00000000ef000000|100%| E|CS|TAMS 0x00000000eef00000, 0x00000000eef00000| Complete 
| 240|0x00000000ef000000, 0x00000000ef100000, 0x00000000ef100000|100%| E|CS|TAMS 0x00000000ef000000, 0x00000000ef000000| Complete 
| 241|0x00000000ef100000, 0x00000000ef200000, 0x00000000ef200000|100%| E|CS|TAMS 0x00000000ef100000, 0x00000000ef100000| Complete 
| 242|0x00000000ef200000, 0x00000000ef300000, 0x00000000ef300000|100%| E|CS|TAMS 0x00000000ef200000, 0x00000000ef200000| Complete 
| 243|0x00000000ef300000, 0x00000000ef400000, 0x00000000ef400000|100%| E|CS|TAMS 0x00000000ef300000, 0x00000000ef300000| Complete 
| 244|0x00000000ef400000, 0x00000000ef500000, 0x00000000ef500000|100%| E|CS|TAMS 0x00000000ef400000, 0x00000000ef400000| Complete 
| 245|0x00000000ef500000, 0x00000000ef600000, 0x00000000ef600000|100%| E|CS|TAMS 0x00000000ef500000, 0x00000000ef500000| Complete 
| 246|0x00000000ef600000, 0x00000000ef700000, 0x00000000ef700000|100%| E|CS|TAMS 0x00000000ef600000, 0x00000000ef600000| Complete 
| 247|0x00000000ef700000, 0x00000000ef800000, 0x00000000ef800000|100%| E|CS|TAMS 0x00000000ef700000, 0x00000000ef700000| Complete 
| 248|0x00000000ef800000, 0x00000000ef900000, 0x00000000ef900000|100%| E|CS|TAMS 0x00000000ef800000, 0x00000000ef800000| Complete 
| 249|0x00000000ef900000, 0x00000000efa00000, 0x00000000efa00000|100%| E|CS|TAMS 0x00000000ef900000, 0x00000000ef900000| Complete 
| 250|0x00000000efa00000, 0x00000000efb00000, 0x00000000efb00000|100%| E|CS|TAMS 0x00000000efa00000, 0x00000000efa00000| Complete 
| 251|0x00000000efb00000, 0x00000000efc00000, 0x00000000efc00000|100%| E|CS|TAMS 0x00000000efb00000, 0x00000000efb00000| Complete 
| 252|0x00000000efc00000, 0x00000000efd00000, 0x00000000efd00000|100%| E|CS|TAMS 0x00000000efc00000, 0x00000000efc00000| Complete 
| 253|0x00000000efd00000, 0x00000000efe00000, 0x00000000efe00000|100%| E|CS|TAMS 0x00000000efd00000, 0x00000000efd00000| Complete 
| 254|0x00000000efe00000, 0x00000000eff00000, 0x00000000eff00000|100%| E|CS|TAMS 0x00000000efe00000, 0x00000000efe00000| Complete 
| 255|0x00000000eff00000, 0x00000000f0000000, 0x00000000f0000000|100%| E|CS|TAMS 0x00000000eff00000, 0x00000000eff00000| Complete 

Card table byte_map: [0x000001d3402d0000,0x000001d3403d0000] _byte_map_base: 0x000001d33fbd0000

Marking Bits (Prev, Next): (CMBitMap*) 0x000001d328c8a880, (CMBitMap*) 0x000001d328c8a8c0
 Prev Bits: [0x000001d3404d0000, 0x000001d340cd0000)
 Next Bits: [0x000001d340cd0000, 0x000001d3414d0000)

Polling page: 0x000001d328440000

Metaspace:

Usage:
  Non-class:     35.20 MB capacity,    34.54 MB ( 98%) used,   617.04 KB (  2%) free+waste,    60.19 KB ( <1%) overhead. 
      Class:      5.61 MB capacity,     5.42 MB ( 97%) used,   164.16 KB (  3%) free+waste,    25.75 KB ( <1%) overhead. 
       Both:     40.81 MB capacity,    39.96 MB ( 98%) used,   781.20 KB (  2%) free+waste,    85.94 KB ( <1%) overhead. 

Virtual space:
  Non-class space:       40.00 MB reserved,      35.25 MB ( 88%) committed 
      Class space:      248.00 MB reserved,       5.62 MB (  2%) committed 
             Both:      288.00 MB reserved,      40.88 MB ( 14%) committed 

Chunk freelists:
   Non-Class:  54.00 KB
       Class:  15.00 KB
        Both:  69.00 KB

MaxMetaspaceSize: 256.00 MB
CompressedClassSpaceSize: 248.00 MB

CodeHeap 'non-profiled nmethods': size=120000Kb used=2216Kb max_used=2216Kb free=117783Kb
 bounds [0x000001d338970000, 0x000001d338be0000, 0x000001d33fea0000]
CodeHeap 'profiled nmethods': size=120000Kb used=9140Kb max_used=9140Kb free=110859Kb
 bounds [0x000001d331440000, 0x000001d331d30000, 0x000001d338970000]
CodeHeap 'non-nmethods': size=5760Kb used=2410Kb max_used=2453Kb free=3349Kb
 bounds [0x000001d330ea0000, 0x000001d331110000, 0x000001d331440000]
 total_blobs=5223 nmethods=4422 adapters=713
 compilation: enabled
              stopped_count=0, restarted_count=0
 full_count=0

Compilation events (20 events):
Event: 17.810 Thread 0x000001d343efb730 nmethod 4443 0x000001d331d12b90 code [0x000001d331d12d40, 0x000001d331d12fd8]
Event: 17.810 Thread 0x000001d343efb730 4442       3       com.google.common.cache.LocalCache::rehash (49 bytes)
Event: 17.810 Thread 0x000001d343efb730 nmethod 4442 0x000001d331d13110 code [0x000001d331d132a0, 0x000001d331d133b8]
Event: 17.811 Thread 0x000001d343efb730 4444       3       java.util.Arrays::fill (21 bytes)
Event: 17.812 Thread 0x000001d343efb730 nmethod 4444 0x000001d331d13490 code [0x000001d331d13620, 0x000001d331d137b8]
Event: 17.812 Thread 0x000001d343efb730 4445       3       sun.nio.fs.WindowsPath::isEmpty (8 bytes)
Event: 17.812 Thread 0x000001d343efb730 nmethod 4445 0x000001d331d13890 code [0x000001d331d13a40, 0x000001d331d13c18]
Event: 17.813 Thread 0x000001d343efb730 4446       3       org.gradle.cache.internal.btree.BTreePersistentIndexedCache$IndexEntry::compareTo (9 bytes)
Event: 17.813 Thread 0x000001d343efb730 nmethod 4446 0x000001d331d13d10 code [0x000001d331d13ec0, 0x000001d331d141f8]
Event: 17.813 Thread 0x000001d343efb730 4447       3       org.gradle.cache.internal.btree.BTreePersistentIndexedCache$IndexEntry::compareTo (30 bytes)
Event: 17.813 Thread 0x000001d343efb730 nmethod 4447 0x000001d331d14310 code [0x000001d331d144a0, 0x000001d331d14658]
Event: 17.813 Thread 0x000001d343efb730 4448       1       org.gradle.internal.operations.DefaultBuildOperationExecutor$DefaultBuildOperationContext::setResult (6 bytes)
Event: 17.814 Thread 0x000001d343efb730 nmethod 4448 0x000001d338b96110 code [0x000001d338b962a0, 0x000001d338b96398]
Event: 17.815 Thread 0x000001d343efb730 4450   !   3       org.gradle.internal.serialize.kryo.KryoBackedDecoder::readBoolean (15 bytes)
Event: 17.816 Thread 0x000001d343efb730 nmethod 4450 0x000001d331d14710 code [0x000001d331d14920, 0x000001d331d14f08]
Event: 17.817 Thread 0x000001d343efb730 4451       3       org.gradle.internal.logging.slf4j.OutputEventListenerBackedLogger::debug (19 bytes)
Event: 17.818 Thread 0x000001d343efb730 nmethod 4451 0x000001d331d15190 code [0x000001d331d15380, 0x000001d331d15858]
Event: 17.818 Thread 0x000001d343efb730 4452       3       java.lang.ThreadLocal::setInitialValue (50 bytes)
Event: 17.819 Thread 0x000001d343efb730 nmethod 4452 0x000001d331d15a90 code [0x000001d331d15cc0, 0x000001d331d16638]
Event: 17.822 Thread 0x000001d343efb730 4453       1       org.gradle.api.internal.artifacts.ivyservice.ivyresolve.CachingModuleComponentRepository::access$200 (5 bytes)

GC Heap History (8 events):
Event: 1.746 GC heap before
{Heap before GC invocations=0 (full 0):
 garbage-first heap   total 262144K, used 28672K [0x00000000e0000000, 0x0000000100000000)
  region size 1024K, 23 young (23552K), 0 survivors (0K)
 Metaspace       used 3947K, capacity 6607K, committed 6656K, reserved 262144K
  class space    used 487K, capacity 729K, committed 768K, reserved 253952K
}
Event: 1.754 GC heap after
{Heap after GC invocations=1 (full 0):
 garbage-first heap   total 262144K, used 8746K [0x00000000e0000000, 0x0000000100000000)
  region size 1024K, 3 young (3072K), 3 survivors (3072K)
 Metaspace       used 3947K, capacity 6607K, committed 6656K, reserved 262144K
  class space    used 487K, capacity 729K, committed 768K, reserved 253952K
}
Event: 2.549 GC heap before
{Heap before GC invocations=1 (full 0):
 garbage-first heap   total 262144K, used 33322K [0x00000000e0000000, 0x0000000100000000)
  region size 1024K, 28 young (28672K), 3 survivors (3072K)
 Metaspace       used 4116K, capacity 6607K, committed 6656K, reserved 262144K
  class space    used 493K, capacity 729K, committed 768K, reserved 253952K
}
Event: 2.557 GC heap after
{Heap after GC invocations=2 (full 0):
 garbage-first heap   total 262144K, used 12667K [0x00000000e0000000, 0x0000000100000000)
  region size 1024K, 4 young (4096K), 4 survivors (4096K)
 Metaspace       used 4116K, capacity 6607K, committed 6656K, reserved 262144K
  class space    used 493K, capacity 729K, committed 768K, reserved 253952K
}
Event: 8.597 GC heap before
{Heap before GC invocations=2 (full 0):
 garbage-first heap   total 262144K, used 96635K [0x00000000e0000000, 0x0000000100000000)
  region size 1024K, 87 young (89088K), 4 survivors (4096K)
 Metaspace       used 20723K, capacity 21209K, committed 21248K, reserved 272384K
  class space    used 2892K, capacity 3066K, committed 3072K, reserved 253952K
}
Event: 8.618 GC heap after
{Heap after GC invocations=3 (full 0):
 garbage-first heap   total 262144K, used 18249K [0x00000000e0000000, 0x0000000100000000)
  region size 1024K, 10 young (10240K), 10 survivors (10240K)
 Metaspace       used 20723K, capacity 21209K, committed 21248K, reserved 272384K
  class space    used 2892K, capacity 3066K, committed 3072K, reserved 253952K
}
Event: 14.094 GC heap before
{Heap before GC invocations=4 (full 0):
 garbage-first heap   total 262144K, used 109385K [0x00000000e0000000, 0x0000000100000000)
  region size 1024K, 98 young (100352K), 10 survivors (10240K)
 Metaspace       used 34922K, capacity 35696K, committed 35840K, reserved 286720K
  class space    used 4677K, capacity 4862K, committed 4864K, reserved 253952K
}
Event: 14.117 GC heap after
{Heap after GC invocations=5 (full 0):
 garbage-first heap   total 262144K, used 26037K [0x00000000e0000000, 0x0000000100000000)
  region size 1024K, 17 young (17408K), 17 survivors (17408K)
 Metaspace       used 34922K, capacity 35696K, committed 35840K, reserved 286720K
  class space    used 4677K, capacity 4862K, committed 4864K, reserved 253952K
}

Deoptimization events (20 events):
Event: 17.807 Thread 0x000001d348cabcc0 DEOPT PACKING pc=0x000001d338ad86ec sp=0x000000307b5fdc10
Event: 17.807 Thread 0x000001d348cabcc0 DEOPT UNPACKING pc=0x000001d330eee23f sp=0x000000307b5fd0d8 mode 1
Event: 17.807 Thread 0x000001d348cabcc0 DEOPT PACKING pc=0x000001d338ad86ec sp=0x000000307b5fdcd0
Event: 17.807 Thread 0x000001d348cabcc0 DEOPT UNPACKING pc=0x000001d330eee23f sp=0x000000307b5fd198 mode 1
Event: 17.808 Thread 0x000001d348cabcc0 DEOPT PACKING pc=0x000001d331549cc1 sp=0x000000307b5fa2e0
Event: 17.808 Thread 0x000001d348cabcc0 DEOPT UNPACKING pc=0x000001d330eee23f sp=0x000000307b5f9788 mode 1
Event: 17.808 Thread 0x000001d348cabcc0 DEOPT PACKING pc=0x000001d338ad86ec sp=0x000000307b5fa340
Event: 17.808 Thread 0x000001d348cabcc0 DEOPT UNPACKING pc=0x000001d330eee23f sp=0x000000307b5f9808 mode 1
Event: 17.808 Thread 0x000001d348cabcc0 DEOPT PACKING pc=0x000001d338ad86ec sp=0x000000307b5fa400
Event: 17.809 Thread 0x000001d348cabcc0 DEOPT UNPACKING pc=0x000001d330eee23f sp=0x000000307b5f98c8 mode 1
Event: 17.809 Thread 0x000001d348cabcc0 DEOPT PACKING pc=0x000001d338ad86ec sp=0x000000307b5fa4c0
Event: 17.809 Thread 0x000001d348cabcc0 DEOPT UNPACKING pc=0x000001d330eee23f sp=0x000000307b5f9988 mode 1
Event: 17.809 Thread 0x000001d348cabcc0 DEOPT PACKING pc=0x000001d331549cc1 sp=0x000000307b5fd2a0
Event: 17.809 Thread 0x000001d348cabcc0 DEOPT UNPACKING pc=0x000001d330eee23f sp=0x000000307b5fc748 mode 1
Event: 17.809 Thread 0x000001d348cabcc0 DEOPT PACKING pc=0x000001d338ad86ec sp=0x000000307b5fd300
Event: 17.809 Thread 0x000001d348cabcc0 DEOPT UNPACKING pc=0x000001d330eee23f sp=0x000000307b5fc7c8 mode 1
Event: 17.809 Thread 0x000001d348cabcc0 DEOPT PACKING pc=0x000001d338ad86ec sp=0x000000307b5fd3c0
Event: 17.809 Thread 0x000001d348cabcc0 DEOPT UNPACKING pc=0x000001d330eee23f sp=0x000000307b5fc888 mode 1
Event: 17.809 Thread 0x000001d348cabcc0 DEOPT PACKING pc=0x000001d338ad86ec sp=0x000000307b5fd480
Event: 17.809 Thread 0x000001d348cabcc0 DEOPT UNPACKING pc=0x000001d330eee23f sp=0x000000307b5fc948 mode 1

Classes unloaded (0 events):
No events

Classes redefined (0 events):
No events

Internal exceptions (20 events):
Event: 16.298 Thread 0x000001d3462c9fb0 Exception <a 'java/lang/NoSuchMethodError'{0x00000000eff8ee90}: static Lorg/gradle/internal/build/event/types/AbstractProgressEvent;.<clinit>()V> (0x00000000eff8ee90) 
thrown [./open/src/hotspot/share/prims/jni.cpp, line 1204]
Event: 16.305 Thread 0x000001d3462c9fb0 Exception <a 'java/lang/NoSuchMethodError'{0x00000000eff98150}: static Lorg/gradle/internal/build/event/types/DefaultTaskDescriptor;.<clinit>()V> (0x00000000eff98150) 
thrown [./open/src/hotspot/share/prims/jni.cpp, line 1204]
Event: 16.309 Thread 0x000001d3462c9fb0 Exception <a 'java/lang/NoSuchMethodError'{0x00000000effa4a00}: static Lorg/gradle/internal/operations/OperationIdentifier;.<clinit>()V> (0x00000000effa4a00) 
thrown [./open/src/hotspot/share/prims/jni.cpp, line 1204]
Event: 16.310 Thread 0x000001d3461de1d0 Exception <a 'java/lang/ClassNotFoundException'{0x00000000ed3d05c0}: org/gradle/api/tasks/compile/JavaCompile_DecoratedBeanInfo> (0x00000000ed3d05c0) 
thrown [./open/src/hotspot/share/classfile/systemDictionary.cpp, line 295]
Event: 16.311 Thread 0x000001d3462c9fb0 Exception <a 'java/lang/NoSuchMethodError'{0x00000000ed206a20}: static Lorg/gradle/internal/build/event/types/DefaultBinaryPluginIdentifier;.<clinit>()V> (0x00000000ed206a20) 
thrown [./open/src/hotspot/share/prims/jni.cpp, line 1204]
Event: 16.312 Thread 0x000001d3461de1d0 Exception <a 'java/lang/ClassNotFoundException'{0x00000000ed3d9998}: org/gradle/api/tasks/compile/JavaCompileBeanInfo> (0x00000000ed3d9998) 
thrown [./open/src/hotspot/share/classfile/systemDictionary.cpp, line 295]
Event: 16.314 Thread 0x000001d3461de1d0 Exception <a 'java/lang/ClassNotFoundException'{0x00000000ed3e2de8}: org/gradle/api/tasks/compile/AbstractCompileBeanInfo> (0x00000000ed3e2de8) 
thrown [./open/src/hotspot/share/classfile/systemDictionary.cpp, line 295]
Event: 16.316 Thread 0x000001d3461de1d0 Exception <a 'java/lang/ClassNotFoundException'{0x00000000ed3eaa60}: org/gradle/api/tasks/SourceTaskBeanInfo> (0x00000000ed3eaa60) 
thrown [./open/src/hotspot/share/classfile/systemDictionary.cpp, line 295]
Event: 16.317 Thread 0x000001d3461de1d0 Exception <a 'java/lang/ClassNotFoundException'{0x00000000ed3f26f8}: org/gradle/api/tasks/SourceTaskCustomizer> (0x00000000ed3f26f8) 
thrown [./open/src/hotspot/share/classfile/systemDictionary.cpp, line 295]
Event: 16.322 Thread 0x000001d3461de1d0 Exception <a 'java/lang/ClassNotFoundException'{0x00000000ed244938}: org/gradle/api/tasks/compile/AbstractCompileCustomizer> (0x00000000ed244938) 
thrown [./open/src/hotspot/share/classfile/systemDictionary.cpp, line 295]
Event: 16.327 Thread 0x000001d3461de1d0 Exception <a 'java/lang/ClassNotFoundException'{0x00000000ed267648}: org/gradle/api/tasks/compile/JavaCompileCustomizer> (0x00000000ed267648) 
thrown [./open/src/hotspot/share/classfile/systemDictionary.cpp, line 295]
Event: 16.332 Thread 0x000001d3461de1d0 Exception <a 'java/lang/ClassNotFoundException'{0x00000000ed287798}: org/gradle/api/tasks/compile/JavaCompile_DecoratedCustomizer> (0x00000000ed287798) 
thrown [./open/src/hotspot/share/classfile/systemDictionary.cpp, line 295]
Event: 16.349 Thread 0x000001d3461de1d0 Exception <a 'java/lang/ClassNotFoundException'{0x00000000ed2f9d20}: java/lang/ClassBeanInfo> (0x00000000ed2f9d20) 
thrown [./open/src/hotspot/share/classfile/systemDictionary.cpp, line 295]
Event: 16.350 Thread 0x000001d3461de1d0 Exception <a 'java/lang/ClassNotFoundException'{0x00000000ed2fe388}: java/lang/ClassCustomizer> (0x00000000ed2fe388) 
thrown [./open/src/hotspot/share/classfile/systemDictionary.cpp, line 295]
Event: 16.805 Thread 0x000001d3461de1d0 Exception <a 'java/lang/NoSuchMethodError'{0x00000000ecd419c0}: 'void java.lang.invoke.DirectMethodHandle$Holder.invokeStatic(java.lang.Object, java.lang.Object, java.lang.Object, java.lang.Object, java.lang.Object, java.lang.Object, java.lang.Object)'> (0x00000000ecd419c0) 
thrown [./open/src/hotspot/share/interpreter/linkResolver.cpp, line 782]
Event: 17.008 Thread 0x000001d3461de1d0 Exception <a 'java/lang/NoSuchMethodError'{0x00000000ecad4f60}: 'java.lang.Object java.lang.invoke.DirectMethodHandle$Holder.invokeSpecial(java.lang.Object, java.lang.Object, java.lang.Object, int, java.lang.Object)'> (0x00000000ecad4f60) 
thrown [./open/src/hotspot/share/interpreter/linkResolver.cpp, line 782]
Event: 17.012 Thread 0x000001d3461de1d0 Exception <a 'java/lang/NoSuchMethodError'{0x00000000ecadfe20}: 'java.lang.Object java.lang.invoke.DirectMethodHandle$Holder.newInvokeSpecial(java.lang.Object, java.lang.Object, java.lang.Object, int)'> (0x00000000ecadfe20) 
thrown [./open/src/hotspot/share/interpreter/linkResolver.cpp, line 782]
Event: 17.013 Thread 0x000001d3461de1d0 Exception <a 'java/lang/NoSuchMethodError'{0x00000000ecae5050}: 'java.lang.Object java.lang.invoke.DirectMethodHandle$Holder.invokeSpecial(java.lang.Object, java.lang.Object, java.lang.Object, java.lang.Object, int)'> (0x00000000ecae5050) 
thrown [./open/src/hotspot/share/interpreter/linkResolver.cpp, line 782]
Event: 17.014 Thread 0x000001d3461de1d0 Exception <a 'java/lang/NoSuchMethodError'{0x00000000ecae9b58}: 'java.lang.Object java.lang.invoke.Invokers$Holder.linkToTargetMethod(java.lang.Object, java.lang.Object, int, java.lang.Object)'> (0x00000000ecae9b58) 
thrown [./open/src/hotspot/share/interpreter/linkResolver.cpp, line 782]
Event: 17.735 Thread 0x000001d3461de1d0 Exception <a 'java/lang/NoSuchMethodError'{0x00000000ec5abe50}: 'void java.lang.invoke.DirectMethodHandle$Holder.invokeStatic(java.lang.Object, java.lang.Object, java.lang.Object, int, java.lang.Object)'> (0x00000000ec5abe50) 
thrown [./open/src/hotspot/share/interpreter/linkResolver.cpp, line 782]

Events (20 events):
Event: 16.896 loading class javax/naming/NamingException
Event: 16.897 loading class javax/naming/NamingException done
Event: 16.897 loading class javax/naming/InvalidNameException
Event: 16.897 loading class javax/naming/InvalidNameException done
Event: 16.897 loading class java/security/cert/CertificateParsingException
Event: 16.897 loading class java/security/cert/CertificateException
Event: 16.897 loading class java/security/cert/CertificateException done
Event: 16.897 loading class java/security/cert/CertificateParsingException done
Event: 17.723 Executing VM operation: HandshakeAllThreads
Event: 17.723 Executing VM operation: HandshakeAllThreads done
Event: 17.752 Thread 0x000001d348ca8ca0 Thread added: 0x000001d348ca8ca0
Event: 17.753 Thread 0x000001d348cac190 Thread added: 0x000001d348cac190
Event: 17.753 Thread 0x000001d348ca7960 Thread added: 0x000001d348ca7960
Event: 17.754 Thread 0x000001d348caa980 Thread added: 0x000001d348caa980
Event: 17.754 Thread 0x000001d348ca7e30 Thread added: 0x000001d348ca7e30
Event: 17.755 Thread 0x000001d348ca8300 Thread added: 0x000001d348ca8300
Event: 17.755 Thread 0x000001d348cab7f0 Thread added: 0x000001d348cab7f0
Event: 17.756 Thread 0x000001d348cabcc0 Thread added: 0x000001d348cabcc0
Event: 17.788 Executing VM operation: HandshakeAllThreads
Event: 17.798 Executing VM operation: HandshakeAllThreads done


Dynamic libraries:
0x00007ff761520000 - 0x00007ff76152f000 	C:\Program Files\Java\jdk-15\bin\java.exe
0x00007fff60190000 - 0x00007fff60388000 	C:\WINDOWS\SYSTEM32\ntdll.dll
0x00007fff5fd30000 - 0x00007fff5fdef000 	C:\WINDOWS\System32\KERNEL32.DLL
0x00007fff5dea0000 - 0x00007fff5e172000 	C:\WINDOWS\System32\KERNELBASE.dll
0x00007fff5da50000 - 0x00007fff5db50000 	C:\WINDOWS\System32\ucrtbase.dll
0x00007fff58b40000 - 0x00007fff58b58000 	C:\Program Files\Java\jdk-15\bin\jli.dll
0x00007fff51500000 - 0x00007fff51519000 	C:\Program Files\Java\jdk-15\bin\VCRUNTIME140.dll
0x00007fff5e230000 - 0x00007fff5e2de000 	C:\WINDOWS\System32\ADVAPI32.dll
0x00007fff5ea50000 - 0x00007fff5eaee000 	C:\WINDOWS\System32\msvcrt.dll
0x00007fff5f560000 - 0x00007fff5f5fc000 	C:\WINDOWS\System32\sechost.dll
0x00007fff60020000 - 0x00007fff60145000 	C:\WINDOWS\System32\RPCRT4.dll
0x00007fff5e880000 - 0x00007fff5ea21000 	C:\WINDOWS\System32\USER32.dll
0x00007fff52d30000 - 0x00007fff52fca000 	C:\WINDOWS\WinSxS\amd64_microsoft.windows.common-controls_6595b64144ccf1df_6.0.19041.1110_none_60b5254171f9507e\COMCTL32.dll
0x00007fff5d980000 - 0x00007fff5d9a2000 	C:\WINDOWS\System32\win32u.dll
0x00007fff5f4c0000 - 0x00007fff5f4eb000 	C:\WINDOWS\System32\GDI32.dll
0x00007fff5db50000 - 0x00007fff5dc5f000 	C:\WINDOWS\System32\gdi32full.dll
0x00007fff5d9b0000 - 0x00007fff5da4d000 	C:\WINDOWS\System32\msvcp_win.dll
0x00007fff53ab0000 - 0x00007fff53aba000 	C:\WINDOWS\SYSTEM32\VERSION.dll
0x00007fff5f720000 - 0x00007fff5f752000 	C:\WINDOWS\System32\IMM32.DLL
0x00007fff58ee0000 - 0x00007fff58eec000 	C:\Program Files\Java\jdk-15\bin\vcruntime140_1.dll
0x00007fff32140000 - 0x00007fff321d1000 	C:\Program Files\Java\jdk-15\bin\msvcp140.dll
0x00007fff20940000 - 0x00007fff2149c000 	C:\Program Files\Java\jdk-15\bin\server\jvm.dll
0x00007fff5fe50000 - 0x00007fff5fe58000 	C:\WINDOWS\System32\PSAPI.DLL
0x00007ffef25c0000 - 0x00007ffef25c9000 	C:\WINDOWS\SYSTEM32\WSOCK32.dll
0x00007fff53cc0000 - 0x00007fff53ce7000 	C:\WINDOWS\SYSTEM32\WINMM.dll
0x00007fff5f760000 - 0x00007fff5f7cb000 	C:\WINDOWS\System32\WS2_32.dll
0x00007fff5b740000 - 0x00007fff5b752000 	C:\WINDOWS\SYSTEM32\kernel.appcore.dll
0x00007fff58b30000 - 0x00007fff58b3a000 	C:\Program Files\Java\jdk-15\bin\jimage.dll
0x00007fff562b0000 - 0x00007fff56494000 	C:\WINDOWS\SYSTEM32\DBGHELP.DLL
0x00007fff56270000 - 0x00007fff562a5000 	C:\WINDOWS\SYSTEM32\dbgcore.DLL
0x00007fff5d8f0000 - 0x00007fff5d972000 	C:\WINDOWS\System32\bcryptPrimitives.dll
0x00007fff45f60000 - 0x00007fff45f99000 	C:\Program Files\Java\jdk-15\bin\jdwp.dll
0x00007fff464f0000 - 0x00007fff46515000 	C:\Program Files\Java\jdk-15\bin\java.dll
0x00007fff5eaf0000 - 0x00007fff5f234000 	C:\WINDOWS\System32\SHELL32.dll
0x00007fff5b940000 - 0x00007fff5c0d2000 	C:\WINDOWS\SYSTEM32\windows.storage.dll
0x00007fff5f9d0000 - 0x00007fff5fd25000 	C:\WINDOWS\System32\combase.dll
0x00007fff5d200000 - 0x00007fff5d230000 	C:\WINDOWS\SYSTEM32\Wldp.dll
0x00007fff5e360000 - 0x00007fff5e40d000 	C:\WINDOWS\System32\SHCORE.dll
0x00007fff5fdf0000 - 0x00007fff5fe45000 	C:\WINDOWS\System32\shlwapi.dll
0x00007fff5d7c0000 - 0x00007fff5d7df000 	C:\WINDOWS\SYSTEM32\profapi.dll
0x00007fff58520000 - 0x00007fff5852b000 	C:\Program Files\Java\jdk-15\bin\dt_socket.dll
0x00007fff5cc50000 - 0x00007fff5cc8b000 	C:\WINDOWS\SYSTEM32\IPHLPAPI.DLL
0x00007fff5cf60000 - 0x00007fff5cfca000 	C:\WINDOWS\system32\mswsock.dll
0x00007fff47dd0000 - 0x00007fff47de9000 	C:\Program Files\Java\jdk-15\bin\net.dll
0x00007fff57080000 - 0x00007fff5718c000 	C:\WINDOWS\SYSTEM32\WINHTTP.dll
0x00007fff46ec0000 - 0x00007fff46ed2000 	C:\Program Files\Java\jdk-15\bin\nio.dll
0x00007fff464d0000 - 0x00007fff464e8000 	C:\Program Files\Java\jdk-15\bin\zip.dll
0x00007fff586d0000 - 0x00007fff586e0000 	C:\Program Files\Java\jdk-15\bin\verify.dll
0x00007fff42950000 - 0x00007fff42977000 	C:\Users\euro\.gradle\native\c976cfcca226fdd4bee4412e95191dd41148b7504f9625baeda1d523bc39a967\windows-amd64\native-platform.dll
0x00007fff51240000 - 0x00007fff51249000 	C:\Program Files\Java\jdk-15\bin\management.dll
0x00007fff50ef0000 - 0x00007fff50efb000 	C:\Program Files\Java\jdk-15\bin\management_ext.dll
0x00007fff5d150000 - 0x00007fff5d168000 	C:\WINDOWS\SYSTEM32\CRYPTSP.dll
0x00007fff5c880000 - 0x00007fff5c8b4000 	C:\WINDOWS\system32\rsaenh.dll
0x00007fff5dc60000 - 0x00007fff5dc87000 	C:\WINDOWS\System32\bcrypt.dll
0x00007fff5d740000 - 0x00007fff5d76e000 	C:\WINDOWS\SYSTEM32\USERENV.dll
0x00007fff5d170000 - 0x00007fff5d17c000 	C:\WINDOWS\SYSTEM32\CRYPTBASE.dll
0x00007fff5f4f0000 - 0x00007fff5f4f8000 	C:\WINDOWS\System32\NSI.dll
0x00007fff57450000 - 0x00007fff57467000 	C:\WINDOWS\SYSTEM32\dhcpcsvc6.DLL
0x00007fff578c0000 - 0x00007fff578dd000 	C:\WINDOWS\SYSTEM32\dhcpcsvc.DLL
0x00007fff5cc90000 - 0x00007fff5cd5a000 	C:\WINDOWS\SYSTEM32\DNSAPI.dll

dbghelp: loaded successfully - version: 4.0.5 - missing functions: none
symbol engine: initialized successfully - sym options: 0x614 - pdb path: .;C:\Program Files\Java\jdk-15\bin;C:\WINDOWS\SYSTEM32;C:\WINDOWS\WinSxS\amd64_microsoft.windows.common-controls_6595b64144ccf1df_6.0.19041.1110_none_60b5254171f9507e;C:\Program Files\Java\jdk-15\bin\server;C:\Users\euro\.gradle\native\c976cfcca226fdd4bee4412e95191dd41148b7504f9625baeda1d523bc39a967\windows-amd64

VM Arguments:
jvm_args: -XX:MaxMetaspaceSize=256m -XX:+HeapDumpOnOutOfMemoryError -agentlib:jdwp=transport=dt_socket,server=n,suspend=y,address=127.0.0.1:54160 --add-opens=java.base/java.util=ALL-UNNAMED --add-opens=java.base/java.lang=ALL-UNNAMED --add-opens=java.base/java.lang.invoke=ALL-UNNAMED --add-opens=java.prefs/java.util.prefs=ALL-UNNAMED -Xms256m -Xmx512m -Dfile.encoding=windows-1250 -Duser.country=PL -Duser.language=pl -Duser.variant 
java_command: org.gradle.launcher.daemon.bootstrap.GradleDaemon 6.3
java_class_path (initial): C:\Users\euro\.gradle\wrapper\dists\gradle-6.3-bin\8tpu6egwsccjzp10c1jckl0rx\gradle-6.3\lib\gradle-launcher-6.3.jar
Launcher Type: SUN_STANDARD

[Global flags]
     intx CICompilerCount                          = 4                                         {product} {ergonomic}
   size_t CompressedClassSpaceSize                 = 260046848                                 {product} {ergonomic}
     uint ConcGCThreads                            = 2                                         {product} {ergonomic}
     uint G1ConcRefinementThreads                  = 8                                         {product} {ergonomic}
   size_t G1HeapRegionSize                         = 1048576                                   {product} {ergonomic}
    uintx GCDrainStackTargetSize                   = 64                                        {product} {ergonomic}
     bool HeapDumpOnOutOfMemoryError               = true                                   {manageable} {command line}
   size_t InitialHeapSize                          = 268435456                                 {product} {command line}
   size_t MarkStackSize                            = 4194304                                   {product} {ergonomic}
   size_t MaxHeapSize                              = 536870912                                 {product} {command line}
   size_t MaxMetaspaceSize                         = 268435456                                 {product} {command line}
   size_t MaxNewSize                               = 321912832                                 {product} {ergonomic}
   size_t MinHeapDeltaBytes                        = 1048576                                   {product} {ergonomic}
   size_t MinHeapSize                              = 268435456                                 {product} {command line}
    uintx NonNMethodCodeHeapSize                   = 5839372                                {pd product} {ergonomic}
    uintx NonProfiledCodeHeapSize                  = 122909434                              {pd product} {ergonomic}
    uintx ProfiledCodeHeapSize                     = 122909434                              {pd product} {ergonomic}
    uintx ReservedCodeCacheSize                    = 251658240                              {pd product} {ergonomic}
     bool SegmentedCodeCache                       = true                                      {product} {ergonomic}
   size_t SoftMaxHeapSize                          = 536870912                              {manageable} {ergonomic}
     bool UseCompressedClassPointers               = true                                 {lp64_product} {ergonomic}
     bool UseCompressedOops                        = true                                 {lp64_product} {ergonomic}
     bool UseG1GC                                  = true                                      {product} {ergonomic}
     bool UseLargePagesIndividualAllocation        = false                                  {pd product} {ergonomic}

Logging:
Log output configuration:
 #0: stdout all=warning uptime,level,tags
 #1: stderr all=off uptime,level,tags

Environment Variables:
JAVA_HOME=C:\Program Files\Java\jdk-15
PATH=C:\Program Files\Common Files\Oracle\Java\javapath;C:\WINDOWS\system32;C:\WINDOWS;C:\WINDOWS\System32\Wbem;C:\WINDOWS\System32\WindowsPowerShell\v1.0\;C:\WINDOWS\System32\OpenSSH\;C:\Program Files\Java\jdk-15\bin;C:\Program Files\Git\cmd;C:\Users\euro\AppData\Local\Programs\Python\Python310;C:\Users\euro\AppData\Local\Microsoft\WindowsApps;C:\Users\euro\AppData\Local\Programs\Python\Python310;C:\Users\euro\AppData\Local\Programs\Python\Python310\Scripts;;C:\Users\euro\AppData\Local\Programs\Microsoft VS Code\bin
USERNAME=euro
OS=Windows_NT
PROCESSOR_IDENTIFIER=AMD64 Family 23 Model 24 Stepping 1, AuthenticAMD



---------------  S Y S T E M  ---------------

OS:
 Windows 10 , 64 bit Build 19041 (10.0.19041.2364)
OS uptime: 6 days 18:44 hours

CPU: total 8 (initial active 8) (8 cores per cpu, 2 threads per core) family 23 model 24 stepping 1, cmov, cx8, fxsr, mmx, sse, sse2, sse3, ssse3, sse4.1, sse4.2, popcnt, vzeroupper, avx, avx2, aes, clmul, 3dnowpref, lzcnt, sse4a, ht, tsc, tscinvbit, tscinv, bmi1, bmi2, adx, sha, fma, clflush, clflushopt

Memory: 4k page, system-wide physical 6091M (199M free)
TotalPageFile size 24523M (AvailPageFile size 36M)
current process WorkingSet (physical memory assigned to process): 271M, peak: 288M
current process commit charge ("private bytes"): 446M, peak: 465M

vm_info: Java HotSpot(TM) 64-Bit Server VM (15+36-1562) for windows-amd64 JRE (15+36-1562), built on Aug 11 2020 22:38:02 by "mach5one" with unknown MS VC++:1925

END.
